#
# There is insufficient memory for the Java Runtime Environment to continue.
# Native memory allocation (mmap) failed to map 201326592 bytes for G1 virtual space
# Possible reasons:
#   The system is out of physical RAM or swap space
#   The process is running with CompressedOops enabled, and the Java Heap may be blocking the growth of the native heap
# Possible solutions:
#   Reduce memory load on the system
#   Increase physical memory or swap space
#   Check if swap backing store is full
#   Decrease Java heap size (-Xmx/-Xms)
#   Decrease number of Java threads
#   Decrease Java thread stack sizes (-Xss)
#   Set larger code cache with -XX:ReservedCodeCacheSize=
#   JVM is running with Unscaled Compressed Oops mode in which the Java heap is
#     placed in the first 4GB address space. The Java Heap base address is the
#     maximum limit for the native heap growth. Please use -XX:HeapBaseMinAddress
#     to set the Java Heap base and to place the Java Heap above 4GB virtual address.
# This output file may be truncated or incomplete.
#
#  Out of Memory Error (os_windows.cpp:3541), pid=13904, tid=16960
#
# JRE version:  (17.0.4.1+1) (build )
# Java VM: OpenJDK 64-Bit Server VM (17.0.4.1+1, mixed mode, sharing, tiered, compressed oops, compressed class ptrs, g1 gc, windows-amd64)
# No core dump will be written. Minidumps are not enabled by default on client versions of Windows
#

---------------  S U M M A R Y ------------

Command Line: -Dorg.gradle.internal.worker.tmpdir=D:\Etudes_Universitaire\3emeAnnee\Self_Learning\Cinema Room REST Service2\Cinema Room REST Service\task\build\tmp\test\work -Dorg.gradle.native=false --add-opens=java.base/java.util=ALL-UNNAMED --add-opens=java.base/java.lang=ALL-UNNAMED -Xmx512m -Dfile.encoding=utf-8 -Duser.country=FR -Duser.language=fr -Duser.variant -ea worker.org.gradle.process.internal.worker.GradleWorkerMain 'Gradle Test Executor 3'

Host: Intel(R) Core(TM) i5-7200U CPU @ 2.50GHz, 4 cores, 11G,  Windows 10 , 64 bit Build 19041 (10.0.19041.1889)
Time: Fri Sep 30 17:53:11 2022 Russie TZ 2 elapsed time: 0.021557 seconds (0d 0h 0m 0s)

---------------  T H R E A D  ---------------

Current thread (0x0000028c5b9635b0):  JavaThread "Unknown thread" [_thread_in_vm, id=16960, stack(0x000000a2f9900000,0x000000a2f9a00000)]

Stack: [0x000000a2f9900000,0x000000a2f9a00000]
Native frames: (J=compiled Java code, j=interpreted, Vv=VM code, C=native code)
V  [jvm.dll+0x67731a]
V  [jvm.dll+0x832284]
V  [jvm.dll+0x833a2e]
V  [jvm.dll+0x834093]
V  [jvm.dll+0x245775]
V  [jvm.dll+0x674209]
V  [jvm.dll+0x668a92]
V  [jvm.dll+0x30471b]
V  [jvm.dll+0x30bc66]
V  [jvm.dll+0x35ba9e]
V  [jvm.dll+0x35bccf]
V  [jvm.dll+0x2db5b8]
V  [jvm.dll+0x2dc524]
V  [jvm.dll+0x803db1]
V  [jvm.dll+0x3698f1]
V  [jvm.dll+0x7e31bc]
V  [jvm.dll+0x3ec25f]
V  [jvm.dll+0x3edde1]
C  [jli.dll+0x5277]
C  [ucrtbase.dll+0x21bb2]
C  [KERNEL32.DLL+0x17034]
C  [ntdll.dll+0x526a1]


---------------  P R O C E S S  ---------------

Threads class SMR info:
_java_thread_list=0x00007fff220c4e98, length=0, elements={
}

Java Threads: ( => current thread )

Other Threads:
  0x0000028c5b998ef0 GCTaskThread "GC Thread#0" [stack: 0x000000a2f9a00000,0x000000a2f9b00000] [id=18460]
  0x0000028c5b99dd40 ConcurrentGCThread "G1 Main Marker" [stack: 0x000000a2f9b00000,0x000000a2f9c00000] [id=17128]
  0x0000028c5b99ee00 ConcurrentGCThread "G1 Conc#0" [stack: 0x000000a2f9c00000,0x000000a2f9d00000] [id=6304]

[error occurred during error reporting (printing all threads), id 0xc0000005, EXCEPTION_ACCESS_VIOLATION (0xc0000005) at pc=0x00007fff2189c047]

VM state: not at safepoint (not fully initialized)

VM Mutex/Monitor currently owned by a thread:  ([mutex/lock_event])
[0x0000028c5b95e7e0] Heap_lock - owner thread: 0x0000028c5b9635b0

Heap address: 0x00000000e0000000, size: 512 MB, Compressed Oops mode: 32-bit

CDS archive(s) mapped at: [0x0000000000000000-0x0000000000000000-0x0000000000000000), size 0, SharedBaseAddress: 0x0000000800000000, ArchiveRelocationMode: 0.
Narrow klass base: 0x0000000000000000, Narrow klass shift: 0, Narrow klass range: 0x0

GC Precious Log:
<Empty>

Heap:
 garbage-first heap   total 0K, used 0K [0x00000000e0000000, 0x0000000100000000)
  region size 1024K, 0 young (0K), 0 survivors (0K)

[error occurred during error reporting (printing heap information), id 0xc0000005, EXCEPTION_ACCESS_VIOLATION (0xc0000005) at pc=0x00007fff21c80699]

GC Heap History (0 events):
No events

Deoptimization events (0 events):
No events

Classes unloaded (0 events):
No events

Classes redefined (0 events):
No events

Internal exceptions (0 events):
No events

VM Operations (0 events):
No events

Events (1 events):
Event: 0.008 Loaded shared library C:\Users\User\.gradle\jdks\jdk-17.0.4.1+1\bin\java.dll


Dynamic libraries:
0x00007ff670ef0000 - 0x00007ff670efe000 	C:\Users\User\.gradle\jdks\jdk-17.0.4.1+1\bin\java.exe
0x00007fffaca50000 - 0x00007fffacc48000 	C:\WINDOWS\SYSTEM32\ntdll.dll
0x00007fffab8d0000 - 0x00007fffab98d000 	C:\WINDOWS\System32\KERNEL32.DLL
0x00007fffaa560000 - 0x00007fffaa82e000 	C:\WINDOWS\System32\KERNELBASE.dll
0x00007fffaa880000 - 0x00007fffaa980000 	C:\WINDOWS\System32\ucrtbase.dll
0x00007fff90a10000 - 0x00007fff90a29000 	C:\Users\User\.gradle\jdks\jdk-17.0.4.1+1\bin\VCRUNTIME140.dll
0x00007fff974a0000 - 0x00007fff974b8000 	C:\Users\User\.gradle\jdks\jdk-17.0.4.1+1\bin\jli.dll
0x00007fffac330000 - 0x00007fffac4d0000 	C:\WINDOWS\System32\USER32.dll
0x00007fffaa530000 - 0x00007fffaa552000 	C:\WINDOWS\System32\win32u.dll
0x00007fff93d10000 - 0x00007fff93faa000 	C:\WINDOWS\WinSxS\amd64_microsoft.windows.common-controls_6595b64144ccf1df_6.0.19041.1110_none_60b5254171f9507e\COMCTL32.dll
0x00007fffac6b0000 - 0x00007fffac6da000 	C:\WINDOWS\System32\GDI32.dll
0x00007fffac970000 - 0x00007fffaca0e000 	C:\WINDOWS\System32\msvcrt.dll
0x00007fffaa170000 - 0x00007fffaa27b000 	C:\WINDOWS\System32\gdi32full.dll
0x00007fffaa490000 - 0x00007fffaa52d000 	C:\WINDOWS\System32\msvcp_win.dll
0x00007fffac680000 - 0x00007fffac6b0000 	C:\WINDOWS\System32\IMM32.DLL
0x00007fff975e0000 - 0x00007fff975ec000 	C:\Users\User\.gradle\jdks\jdk-17.0.4.1+1\bin\vcruntime140_1.dll
0x00007fff76690000 - 0x00007fff76721000 	C:\Users\User\.gradle\jdks\jdk-17.0.4.1+1\bin\msvcp140.dll
0x00007fff215b0000 - 0x00007fff221f6000 	C:\Users\User\.gradle\jdks\jdk-17.0.4.1+1\bin\server\jvm.dll
0x00007fffac5d0000 - 0x00007fffac67e000 	C:\WINDOWS\System32\ADVAPI32.dll
0x00007fffac530000 - 0x00007fffac5cc000 	C:\WINDOWS\System32\sechost.dll
0x00007fffac150000 - 0x00007fffac275000 	C:\WINDOWS\System32\RPCRT4.dll
0x00007fffab020000 - 0x00007fffab028000 	C:\WINDOWS\System32\PSAPI.DLL
0x00007fff8b820000 - 0x00007fff8b829000 	C:\WINDOWS\SYSTEM32\WSOCK32.dll
0x00007fff93ce0000 - 0x00007fff93d07000 	C:\WINDOWS\SYSTEM32\WINMM.dll
0x00007fffac0e0000 - 0x00007fffac14b000 	C:\WINDOWS\System32\WS2_32.dll
0x00007fff98ea0000 - 0x00007fff98eaa000 	C:\WINDOWS\SYSTEM32\VERSION.dll
0x00007fffa89b0000 - 0x00007fffa89c2000 	C:\WINDOWS\SYSTEM32\kernel.appcore.dll
0x00007fff91720000 - 0x00007fff9172a000 	C:\Users\User\.gradle\jdks\jdk-17.0.4.1+1\bin\jimage.dll
0x00007fffa8790000 - 0x00007fffa8974000 	C:\WINDOWS\SYSTEM32\DBGHELP.DLL
0x00007fff8b010000 - 0x00007fff8b03c000 	C:\WINDOWS\SYSTEM32\dbgcore.DLL
0x00007fffaa980000 - 0x00007fffaaa02000 	C:\WINDOWS\System32\bcryptPrimitives.dll
0x00007fff90490000 - 0x00007fff904b5000 	C:\Users\User\.gradle\jdks\jdk-17.0.4.1+1\bin\java.dll

dbghelp: loaded successfully - version: 4.0.5 - missing functions: none
symbol engine: initialized successfully - sym options: 0x614 - pdb path: .;C:\Users\User\.gradle\jdks\jdk-17.0.4.1+1\bin;C:\WINDOWS\SYSTEM32;C:\WINDOWS\WinSxS\amd64_microsoft.windows.common-controls_6595b64144ccf1df_6.0.19041.1110_none_60b5254171f9507e;C:\Users\User\.gradle\jdks\jdk-17.0.4.1+1\bin\server

VM Arguments:
jvm_args: -Dorg.gradle.internal.worker.tmpdir=D:\Etudes_Universitaire\3emeAnnee\Self_Learning\Cinema Room REST Service2\Cinema Room REST Service\task\build\tmp\test\work -Dorg.gradle.native=false --add-opens=java.base/java.util=ALL-UNNAMED --add-opens=java.base/java.lang=ALL-UNNAMED -Xmx512m -Dfile.encoding=utf-8 -Duser.country=FR -Duser.language=fr -Duser.variant -ea 
java_command: worker.org.gradle.process.internal.worker.GradleWorkerMain 'Gradle Test Executor 3'
java_class_path (initial): C:\Users\User\.gradle\caches\7.3.3\workerMain\gradle-worker.jar;D:\Etudes_Universitaire\3emeAnnee\Self_Learning\Cinema Room REST Service2\Cinema Room REST Service\task\build\classes\java\test;D:\Etudes_Universitaire\3emeAnnee\Self_Learning\Cinema Room REST Service2\Cinema Room REST Service\task\build\classes\java\main;D:\Etudes_Universitaire\3emeAnnee\Self_Learning\Cinema Room REST Service2\Cinema Room REST Service\task\build\resources\main;C:\Users\User\.gradle\caches\modules-2\files-2.1\org.springframework.boot\spring-boot-starter-actuator\2.5.6\e5057388311b3566d49ba2021673e0022da1a99c\spring-boot-starter-actuator-2.5.6.jar;C:\Users\User\.gradle\caches\modules-2\files-2.1\org.springframework.boot\spring-boot-starter-web\2.5.6\46b479490170914f7477b96a21241183b181c24d\spring-boot-starter-web-2.5.6.jar;C:\Users\User\.gradle\caches\modules-2\files-2.1\org.springframework.boot\spring-boot-starter-json\2.5.6\6ef5a7087e18ed4f3736c8752440ecd489c36a4d\spring-boot-starter-json-2.5.6.jar;C:\Users\User\.gradle\caches\modules-2\files-2.1\org.springframework.boot\spring-boot-starter\2.5.6\d5d1fada1afe9a808abf48da7066a993cf679aa\spring-boot-starter-2.5.6.jar;C:\Users\User\.gradle\caches\modules-2\files-2.1\com.github.hyperskill\hs-test\release-SNAPSHOT\8345f802418049d6842176e4422319eebd113aa5\hs-test-release-SNAPSHOT.jar;C:\Users\User\.gradle\caches\modules-2\files-2.1\org.springframework.boot\spring-boot-actuator-autoconfigure\2.5.6\e7d19064fe5664600fbfa051277459ed94f5d266\spring-boot-actuator-autoconfigure-2.5.6.jar;C:\Users\User\.gradle\caches\modules-2\files-2.1\org.springframework.boot\spring-boot-autoconfigure\2.5.6\b9f4016180c5242530da465561ff25c7cac14bf3\spring-boot-autoconfigure-2.5.6.jar;C:\Users\User\.gradle\caches\modules-2\files-2.1\org.springframework.boot\spring-boot-actuator\2.5.6\4e7d2607630342ef3b50f48edbf8e938b1eb3392\spring-boot-actuator-2.5.6.jar;C:\Users\User\.gradle\caches\modules-2\files-2.1\org.springframework.boot\spring-boo
Launcher Type: SUN_STANDARD

[Global flags]
     intx CICompilerCount                          = 3                                         {product} {ergonomic}
     uint ConcGCThreads                            = 1                                         {product} {ergonomic}
     uint G1ConcRefinementThreads                  = 4                                         {product} {ergonomic}
   size_t G1HeapRegionSize                         = 1048576                                   {product} {ergonomic}
    uintx GCDrainStackTargetSize                   = 64                                        {product} {ergonomic}
   size_t InitialHeapSize                          = 201326592                                 {product} {ergonomic}
   size_t MarkStackSize                            = 4194304                                   {product} {ergonomic}
   size_t MaxHeapSize                              = 536870912                                 {product} {command line}
   size_t MinHeapDeltaBytes                        = 1048576                                   {product} {ergonomic}
   size_t MinHeapSize                              = 8388608                                   {product} {ergonomic}
    uintx NonNMethodCodeHeapSize                   = 5832780                                {pd product} {ergonomic}
    uintx NonProfiledCodeHeapSize                  = 122912730                              {pd product} {ergonomic}
    uintx ProfiledCodeHeapSize                     = 122912730                              {pd product} {ergonomic}
    uintx ReservedCodeCacheSize                    = 251658240                              {pd product} {ergonomic}
     bool SegmentedCodeCache                       = true                                      {product} {ergonomic}
   size_t SoftMaxHeapSize                          = 536870912                              {manageable} {ergonomic}
     bool UseCompressedClassPointers               = true                           {product lp64_product} {ergonomic}
     bool UseCompressedOops                        = true                           {product lp64_product} {ergonomic}
     bool UseG1GC                                  = true                                      {product} {ergonomic}
     bool UseLargePagesIndividualAllocation        = false                                  {pd product} {ergonomic}

Logging:
Log output configuration:
 #0: stdout all=warning uptime,level,tags
 #1: stderr all=off uptime,level,tags

Environment Variables:
JAVA_HOME=C:\Program Files\Java\jdk-11.0.2
PATH=C:\Program Files (x86)\Intel\iCLS Client\;C:\Program Files\Intel\iCLS Client\;C:\windows\system32;C:\windows;C:\windows\System32\Wbem;C:\windows\System32\WindowsPowerShell\v1.0\;C:\Program Files (x86)\Intel\Intel(R) Management Engine Components\DAL;C:\Program Files\Intel\Intel(R) Management Engine Components\DAL;C:\Program Files (x86)\Intel\Intel(R) Management Engine Components\IPT;C:\Program Files\Intel\Intel(R) Management Engine Components\IPT;C:\Program Files (x86)\NVIDIA Corporation\PhysX\Common;C:\Program Files\Intel\WiFi\bin\;C:\Program Files\Common Files\Intel\WirelessCommon\;C:\WINDOWS\system32;C:\WINDOWS;C:\WINDOWS\System32\Wbem;C:\WINDOWS\System32\WindowsPowerShell\v1.0\;C:\WINDOWS\System32\OpenSSH\;D:\Etudes_Universitaire\Git\cmd;C:\Program Files\Docker\Docker\resources\bin;C:\ProgramData\DockerDesktop\version-bin;D:\2017\watched\nodejs\;C:\Program Files\ISC BIND 9\bin;C:\Program Files\Java\jdk-11.0.2\bin;C:\Users\User\.gradle\wrapper\dists\gradle-7.3.3-bin\6a41zxkdtcxs8rphpq6y0069z\gradle-7.3.3\bin;C:\Users\User\AppData\Local\Microsoft\WindowsApps;C:\Users\User\AppData\Local\Programs\Microsoft VS Code\bin;D:\Etudes_Universitaire\Datagrip\DataGrip 2021.1\bin;C:\Users\User\AppData\Roaming\npm;D:\2017\watched\Markdown Monster;C:\Program Files\Java\jdk-11.0.2\bin;
USERNAME=User
OS=Windows_NT
PROCESSOR_IDENTIFIER=Intel64 Family 6 Model 142 Stepping 9, GenuineIntel
TMP=C:\Users\User\AppData\Local\Temp
TEMP=C:\Users\User\AppData\Local\Temp



---------------  S Y S T E M  ---------------

OS:
 Windows 10 , 64 bit Build 19041 (10.0.19041.1889)
OS uptime: 11 days 1:46 hours
Hyper-V role detected

CPU: total 4 (initial active 4) (2 cores per cpu, 2 threads per core) family 6 model 142 stepping 9 microcode 0xb4, cx8, cmov, fxsr, ht, mmx, 3dnowpref, sse, sse2, sse3, ssse3, sse4.1, sse4.2, popcnt, lzcnt, tsc, tscinvbit, avx, avx2, aes, erms, clmul, bmi1, bmi2, adx, fma, vzeroupper, clflush, clflushopt, hv

Memory: 4k page, system-wide physical 12172M (2176M free)
TotalPageFile size 27277M (AvailPageFile size 76M)
current process WorkingSet (physical memory assigned to process): 10M, peak: 10M
current process commit charge ("private bytes"): 51M, peak: 243M

vm_info: OpenJDK 64-Bit Server VM (17.0.4.1+1) for windows-amd64 JRE (17.0.4.1+1), built on Aug 17 2022 07:42:43 by "temurin" with MS VC++ 16.7 (VS2019)

END.
